<?xml version="1.0" encoding="UTF-8"?>
<jboss-web>
    <security-domain>PytclonDB_test</security-domain>
    <context-root>${pytclon.context.root}</context-root>
</jboss-web>