<?xml version="1.0" encoding="UTF-8"?>
<persistence xmlns="http://xmlns.jcp.org/xml/ns/persistence"
             xmlns:xsi="http://www.w3.org/2001/XMLSchema-instance"
             xsi:schemaLocation="http://xmlns.jcp.org/xml/ns/persistence
    http://xmlns.jcp.org/xml/ns/persistence/persistence_2_1.xsd"
             version="2.1">
  <persistence-unit name="primary">
    <provider>org.hibernate.ejb.HibernatePersistence</provider>
    <jta-data-source>java:jboss/datasources/PytclonDB_test</jta-data-source>
    <properties>
      <property name="javax.persistence.schema-generation.database.action"
                value="create"/>
      <property name="javax.persistence.schema-generation.create-source"
                value="script"/>
      <property name="javax.persistence.schema-generation.create-script-source"
                value="META-INF/create_schema.sql" />
      <property name="hibernate.connection.useUnicode" value="true" />
      <property name="hibernate.connection.characterEncoding" value="UTF-8" />
      <property name="hibernate.connection.charSet" value="UTF-8" />
      <property name="hibernate.show_sql" value="true" />
      <!--<property name="hibernate.hbm2ddl.auto" value="validate" />-->
    </properties>
  </persistence-unit>
</persistence>
